
ago. 29, 2016 11:48:24.39 NEW SESSION
ago. 29, 2016 11:48:24.39 [7648:4636:0829/114824:ERROR:ssl_client_socket_impl.cc(1154)] handshake failed; returned -1, SSL error code 1, net_error -100
ago. 29, 2016 11:48:24.67 [7648:4636:0829/114824:ERROR:ssl_client_socket_impl.cc(1154)] handshake failed; returned -1, SSL error code 1, net_error -100
ago. 29, 2016 11:48:24.96 [7648:4636:0829/114824:ERROR:ssl_client_socket_impl.cc(1154)] handshake failed; returned -1, SSL error code 1, net_error -100
ago. 29, 2016 11:49:05.39 [7648:4636:0829/114905:ERROR:ssl_client_socket_impl.cc(1154)] handshake failed; returned -1, SSL error code 1, net_error -100
ago. 29, 2016 11:49:05.73 [7648:4636:0829/114905:ERROR:ssl_client_socket_impl.cc(1154)] handshake failed; returned -1, SSL error code 1, net_error -100
ago. 29, 2016 11:49:06.02 [7648:4636:0829/114906:ERROR:ssl_client_socket_impl.cc(1154)] handshake failed; returned -1, SSL error code 1, net_error -100
ago. 29, 2016 11:50:58.01 [7648:4636:0829/115058:ERROR:ssl_client_socket_impl.cc(1154)] handshake failed; returned -1, SSL error code 1, net_error -100
ago. 29, 2016 11:50:58.33 [7648:4636:0829/115058:ERROR:ssl_client_socket_impl.cc(1154)] handshake failed; returned -1, SSL error code 1, net_error -100
ago. 29, 2016 11:50:58.64 [7648:4636:0829/115058:ERROR:ssl_client_socket_impl.cc(1154)] handshake failed; returned -1, SSL error code 1, net_error -100
ago. 29, 2016 12:08:11.39 [7036:4164:0829/120811:ERROR:ssl_client_socket_impl.cc(1154)] handshake failed; returned -1, SSL error code 1, net_error -100
ago. 29, 2016 12:08:11.73 [7036:4164:0829/120811:ERROR:ssl_client_socket_impl.cc(1154)] handshake failed; returned -1, SSL error code 1, net_error -100
ago. 29, 2016 12:08:12.03 [7036:4164:0829/120812:ERROR:ssl_client_socket_impl.cc(1154)] handshake failed; returned -1, SSL error code 1, net_error -100
ago. 29, 2016 12:32:28.01 [7036:4164:0829/123228:ERROR:ssl_client_socket_impl.cc(1154)] handshake failed; returned -1, SSL error code 1, net_error -100
ago. 29, 2016 12:32:28.37 [7036:4164:0829/123228:ERROR:ssl_client_socket_impl.cc(1154)] handshake failed; returned -1, SSL error code 1, net_error -100
ago. 29, 2016 12:32:28.67 [7036:4164:0829/123228:ERROR:ssl_client_socket_impl.cc(1154)] handshake failed; returned -1, SSL error code 1, net_error -100
ago. 29, 2016 12:39:53.98 [7036:4164:0829/123953:ERROR:ssl_client_socket_impl.cc(1154)] handshake failed; returned -1, SSL error code 1, net_error -100
ago. 29, 2016 12:39:54.30 [7036:4164:0829/123954:ERROR:ssl_client_socket_impl.cc(1154)] handshake failed; returned -1, SSL error code 1, net_error -100
ago. 29, 2016 12:39:54.60 [7036:4164:0829/123954:ERROR:ssl_client_socket_impl.cc(1154)] handshake failed; returned -1, SSL error code 1, net_error -100
ago. 29, 2016 13:08:12.97 [7036:4164:0829/130812:ERROR:ssl_client_socket_impl.cc(1154)] handshake failed; returned -1, SSL error code 1, net_error -100
ago. 29, 2016 13:08:13.28 [7036:4164:0829/130813:ERROR:ssl_client_socket_impl.cc(1154)] handshake failed; returned -1, SSL error code 1, net_error -100
ago. 29, 2016 13:08:13.57 [7036:4164:0829/130813:ERROR:ssl_client_socket_impl.cc(1154)] handshake failed; returned -1, SSL error code 1, net_error -100
ago. 29, 2016 13:36:19.14 [7036:4164:0829/133619:ERROR:ssl_client_socket_impl.cc(1154)] handshake failed; returned -1, SSL error code 1, net_error -100
ago. 29, 2016 13:36:19.45 [7036:4164:0829/133619:ERROR:ssl_client_socket_impl.cc(1154)] handshake failed; returned -1, SSL error code 1, net_error -100
ago. 29, 2016 13:36:19.73 [7036:4164:0829/133619:ERROR:ssl_client_socket_impl.cc(1154)] handshake failed; returned -1, SSL error code 1, net_error -100
ago. 29, 2016 14:07:36.06 [7036:4164:0829/140736:ERROR:ssl_client_socket_impl.cc(1154)] handshake failed; returned -1, SSL error code 1, net_error -100
ago. 29, 2016 14:07:36.36 [7036:4164:0829/140736:ERROR:ssl_client_socket_impl.cc(1154)] handshake failed; returned -1, SSL error code 1, net_error -100
ago. 29, 2016 14:07:36.67 [7036:4164:0829/140736:ERROR:ssl_client_socket_impl.cc(1154)] handshake failed; returned -1, SSL error code 1, net_error -100
ago. 29, 2016 14:11:38.19 [4352:2252:0829/141138:ERROR:ssl_client_socket_impl.cc(1154)] handshake failed; returned -1, SSL error code 1, net_error -100
ago. 29, 2016 14:11:38.49 [4352:2252:0829/141138:ERROR:ssl_client_socket_impl.cc(1154)] handshake failed; returned -1, SSL error code 1, net_error -100
ago. 29, 2016 14:11:38.79 [4352:2252:0829/141138:ERROR:ssl_client_socket_impl.cc(1154)] handshake failed; returned -1, SSL error code 1, net_error -100
ago. 29, 2016 14:21:48.44 [4352:7872:0829/142148:ERROR:CONSOLE(0)] "TypeError: Cannot read property 'replace' of undefined", source:  (0)
ago. 29, 2016 14:22:01.74 [4352:7872:0829/142201:ERROR:CONSOLE(0)] "TypeError: Cannot read property 'replace' of undefined", source:  (0)
ago. 29, 2016 14:42:13.77 [4352:2252:0829/144213:ERROR:ssl_client_socket_impl.cc(1154)] handshake failed; returned -1, SSL error code 1, net_error -100
ago. 29, 2016 14:42:14.09 [4352:2252:0829/144214:ERROR:ssl_client_socket_impl.cc(1154)] handshake failed; returned -1, SSL error code 1, net_error -100
ago. 29, 2016 14:42:14.39 [4352:2252:0829/144214:ERROR:ssl_client_socket_impl.cc(1154)] handshake failed; returned -1, SSL error code 1, net_error -100
ago. 29, 2016 14:44:32.67 [4352:7872:0829/144432:ERROR:CONSOLE(5053)] "Failed to get text for stylesheet 5268.383: No style sheet with given id found", source: chrome-devtools://devtools/bundled/inspector.js (5053)
ago. 29, 2016 14:44:32.84 [4352:7872:0829/144432:ERROR:CONSOLE(5053)] "Failed to get text for stylesheet 5268.385: No style sheet with given id found", source: chrome-devtools://devtools/bundled/inspector.js (5053)
ago. 29, 2016 15:12:26.83 [4352:2252:0829/151226:ERROR:ssl_client_socket_impl.cc(1154)] handshake failed; returned -1, SSL error code 1, net_error -100
ago. 29, 2016 15:12:27.16 [4352:2252:0829/151227:ERROR:ssl_client_socket_impl.cc(1154)] handshake failed; returned -1, SSL error code 1, net_error -100
ago. 29, 2016 15:12:27.46 [4352:2252:0829/151227:ERROR:ssl_client_socket_impl.cc(1154)] handshake failed; returned -1, SSL error code 1, net_error -100
ago. 29, 2016 15:36:29.05 [4352:2252:0829/153629:ERROR:ssl_client_socket_impl.cc(1154)] handshake failed; returned -1, SSL error code 1, net_error -100
ago. 29, 2016 15:36:29.35 [4352:2252:0829/153629:ERROR:ssl_client_socket_impl.cc(1154)] handshake failed; returned -1, SSL error code 1, net_error -100
ago. 29, 2016 15:36:29.70 [4352:2252:0829/153629:ERROR:ssl_client_socket_impl.cc(1154)] handshake failed; returned -1, SSL error code 1, net_error -100
ago. 29, 2016 15:41:27.01 [4352:2252:0829/154127:ERROR:ssl_client_socket_impl.cc(1154)] handshake failed; returned -1, SSL error code 1, net_error -100
ago. 29, 2016 15:41:27.42 [4352:2252:0829/154127:ERROR:ssl_client_socket_impl.cc(1154)] handshake failed; returned -1, SSL error code 1, net_error -100
ago. 29, 2016 15:41:27.84 [4352:2252:0829/154127:ERROR:ssl_client_socket_impl.cc(1154)] handshake failed; returned -1, SSL error code 1, net_error -100
ago. 29, 2016 16:00:52.99 [4160:2224:0829/160052:ERROR:ssl_client_socket_impl.cc(1154)] handshake failed; returned -1, SSL error code 1, net_error -100
ago. 29, 2016 16:00:53.29 [4160:2224:0829/160053:ERROR:ssl_client_socket_impl.cc(1154)] handshake failed; returned -1, SSL error code 1, net_error -100
ago. 29, 2016 16:00:53.59 [4160:2224:0829/160053:ERROR:ssl_client_socket_impl.cc(1154)] handshake failed; returned -1, SSL error code 1, net_error -100
ago. 31, 2016 11:45:26.37 [7184:3368:0831/114526:ERROR:cache_util_win.cc(20)] Unable to move the cache: 0
ago. 31, 2016 11:45:26.40 [7184:3368:0831/114526:ERROR:cache_util.cc(134)] Unable to move cache folder C:\Users\588475\AppData\Local\Google\Chrome\User Data\ShaderCache\GPUCache to C:\Users\588475\AppData\Local\Google\Chrome\User Data\ShaderCache\old_GPUCache_000
ago. 31, 2016 11:45:26.42 [7184:3368:0831/114526:ERROR:cache_creator.cc(129)] Unable to create cache
ago. 31, 2016 11:45:26.42 [7184:3368:0831/114526:ERROR:shader_disk_cache.cc(589)] Shader Cache Creation failed: -2
ago. 31, 2016 11:49:19.38 [4944:6904:0831/114919:ERROR:ssl_client_socket_impl.cc(1154)] handshake failed; returned -1, SSL error code 1, net_error -100
ago. 31, 2016 11:49:19.68 [4944:6904:0831/114919:ERROR:ssl_client_socket_impl.cc(1154)] handshake failed; returned -1, SSL error code 1, net_error -100
ago. 31, 2016 11:49:19.96 [4944:6904:0831/114919:ERROR:ssl_client_socket_impl.cc(1154)] handshake failed; returned -1, SSL error code 1, net_error -100
ago. 31, 2016 12:18:25.85 [4944:6904:0831/121825:ERROR:ssl_client_socket_impl.cc(1154)] handshake failed; returned -1, SSL error code 1, net_error -100
ago. 31, 2016 12:18:26.10 [4944:6904:0831/121826:ERROR:ssl_client_socket_impl.cc(1154)] handshake failed; returned -1, SSL error code 1, net_error -100
ago. 31, 2016 12:18:27.22 [4944:6904:0831/121826:ERROR:ssl_client_socket_impl.cc(1154)] handshake failed; returned -1, SSL error code 1, net_error -100
ago. 31, 2016 12:50:03.72 [4944:6904:0831/125003:ERROR:ssl_client_socket_impl.cc(1154)] handshake failed; returned -1, SSL error code 1, net_error -100
ago. 31, 2016 12:50:04.03 [4944:6904:0831/125004:ERROR:ssl_client_socket_impl.cc(1154)] handshake failed; returned -1, SSL error code 1, net_error -100
ago. 31, 2016 12:50:04.31 [4944:6904:0831/125004:ERROR:ssl_client_socket_impl.cc(1154)] handshake failed; returned -1, SSL error code 1, net_error -100
ago. 31, 2016 13:59:05.87 [4944:6904:0831/135905:ERROR:ssl_client_socket_impl.cc(1154)] handshake failed; returned -1, SSL error code 1, net_error -100
ago. 31, 2016 13:59:05.87 [4944:6904:0831/135905:ERROR:ssl_client_socket_impl.cc(1154)] handshake failed; returned -1, SSL error code 1, net_error -100
ago. 31, 2016 13:59:06.03 [4944:6904:0831/135906:ERROR:ssl_client_socket_impl.cc(1154)] handshake failed; returned -1, SSL error code 1, net_error -100
ago. 31, 2016 13:59:06.03 [4944:6904:0831/135906:ERROR:ssl_client_socket_impl.cc(1154)] handshake failed; returned -1, SSL error code 1, net_error -100
ago. 31, 2016 13:59:06.34 [4944:6904:0831/135906:ERROR:ssl_client_socket_impl.cc(1154)] handshake failed; returned -1, SSL error code 1, net_error -100
ago. 31, 2016 13:59:06.34 [4944:6904:0831/135906:ERROR:ssl_client_socket_impl.cc(1154)] handshake failed; returned -1, SSL error code 1, net_error -100
ago. 31, 2016 13:59:07.01 [4944:6904:0831/135906:ERROR:ssl_client_socket_impl.cc(1154)] handshake failed; returned -1, SSL error code 1, net_error -100
ago. 31, 2016 13:59:26.95 [4944:6904:0831/135926:ERROR:ssl_client_socket_impl.cc(1154)] handshake failed; returned -1, SSL error code 1, net_error -100
ago. 31, 2016 13:59:27.37 [4944:6904:0831/135927:ERROR:ssl_client_socket_impl.cc(1154)] handshake failed; returned -1, SSL error code 1, net_error -100
ago. 31, 2016 13:59:27.48 [4944:6904:0831/135927:ERROR:ssl_client_socket_impl.cc(1154)] handshake failed; returned -1, SSL error code 1, net_error -100
ago. 31, 2016 13:59:27.65 [4944:6904:0831/135927:ERROR:ssl_client_socket_impl.cc(1154)] handshake failed; returned -1, SSL error code 1, net_error -100
ago. 31, 2016 13:59:27.78 [4944:6904:0831/135927:ERROR:ssl_client_socket_impl.cc(1154)] handshake failed; returned -1, SSL error code 1, net_error -100
ago. 31, 2016 13:59:27.95 [4944:6904:0831/135927:ERROR:ssl_client_socket_impl.cc(1154)] handshake failed; returned -1, SSL error code 1, net_error -100
ago. 31, 2016 13:59:28.06 [4944:6904:0831/135928:ERROR:ssl_client_socket_impl.cc(1154)] handshake failed; returned -1, SSL error code 1, net_error -100
ago. 31, 2016 13:59:31.92 [4944:6904:0831/135931:ERROR:ssl_client_socket_impl.cc(1154)] handshake failed; returned -1, SSL error code 1, net_error -100
ago. 31, 2016 13:59:32.20 [4944:6904:0831/135932:ERROR:ssl_client_socket_impl.cc(1154)] handshake failed; returned -1, SSL error code 1, net_error -100
ago. 31, 2016 13:59:32.92 [4944:6904:0831/135932:ERROR:ssl_client_socket_impl.cc(1154)] handshake failed; returned -1, SSL error code 1, net_error -100
ago. 31, 2016 13:59:40.84 [4944:6904:0831/135940:ERROR:ssl_client_socket_impl.cc(1154)] handshake failed; returned -1, SSL error code 1, net_error -100
ago. 31, 2016 13:59:41.14 [4944:6904:0831/135941:ERROR:ssl_client_socket_impl.cc(1154)] handshake failed; returned -1, SSL error code 1, net_error -100
ago. 31, 2016 13:59:41.42 [4944:6904:0831/135941:ERROR:ssl_client_socket_impl.cc(1154)] handshake failed; returned -1, SSL error code 1, net_error -100
ago. 31, 2016 13:59:56.66 [4944:6904:0831/135956:ERROR:ssl_client_socket_impl.cc(1154)] handshake failed; returned -1, SSL error code 1, net_error -100
ago. 31, 2016 13:59:56.96 [4944:6904:0831/135956:ERROR:ssl_client_socket_impl.cc(1154)] handshake failed; returned -1, SSL error code 1, net_error -100
ago. 31, 2016 13:59:57.24 [4944:6904:0831/135957:ERROR:ssl_client_socket_impl.cc(1154)] handshake failed; returned -1, SSL error code 1, net_error -100
ago. 31, 2016 14:00:11.03 [4944:6904:0831/140011:ERROR:ssl_client_socket_impl.cc(1154)] handshake failed; returned -1, SSL error code 1, net_error -100
ago. 31, 2016 14:00:11.33 [4944:6904:0831/140011:ERROR:ssl_client_socket_impl.cc(1154)] handshake failed; returned -1, SSL error code 1, net_error -100
ago. 31, 2016 14:00:11.63 [4944:6904:0831/140011:ERROR:ssl_client_socket_impl.cc(1154)] handshake failed; returned -1, SSL error code 1, net_error -100
ago. 31, 2016 14:00:12.09 [4944:6904:0831/140012:ERROR:ssl_client_socket_impl.cc(1154)] handshake failed; returned -1, SSL error code 1, net_error -100
ago. 31, 2016 14:00:28.93 [4944:6904:0831/140028:ERROR:ssl_client_socket_impl.cc(1154)] handshake failed; returned -1, SSL error code 1, net_error -100
ago. 31, 2016 14:00:29.21 [4944:6904:0831/140029:ERROR:ssl_client_socket_impl.cc(1154)] handshake failed; returned -1, SSL error code 1, net_error -100
ago. 31, 2016 14:00:29.53 [4944:6904:0831/140029:ERROR:ssl_client_socket_impl.cc(1154)] handshake failed; returned -1, SSL error code 1, net_error -100
ago. 31, 2016 14:01:30.09 [4944:6904:0831/140130:ERROR:ssl_client_socket_impl.cc(1154)] handshake failed; returned -1, SSL error code 1, net_error -100
ago. 31, 2016 14:01:30.09 [4944:6904:0831/140130:ERROR:ssl_client_socket_impl.cc(1154)] handshake failed; returned -1, SSL error code 1, net_error -100
ago. 31, 2016 14:01:31.72 [4944:6904:0831/140131:ERROR:ssl_client_socket_impl.cc(1154)] handshake failed; returned -1, SSL error code 1, net_error -100
ago. 31, 2016 14:01:32.01 [4944:6904:0831/140132:ERROR:ssl_client_socket_impl.cc(1154)] handshake failed; returned -1, SSL error code 1, net_error -100
ago. 31, 2016 14:01:32.51 [4944:6904:0831/140132:ERROR:ssl_client_socket_impl.cc(1154)] handshake failed; returned -1, SSL error code 1, net_error -100
ago. 31, 2016 14:01:32.65 [4944:6904:0831/140132:ERROR:ssl_client_socket_impl.cc(1154)] handshake failed; returned -1, SSL error code 1, net_error -100
ago. 31, 2016 14:01:32.73 [4944:6904:0831/140132:ERROR:ssl_client_socket_impl.cc(1154)] handshake failed; returned -1, SSL error code 1, net_error -100
ago. 31, 2016 14:01:32.84 [4944:6904:0831/140132:ERROR:ssl_client_socket_impl.cc(1154)] handshake failed; returned -1, SSL error code 1, net_error -100
ago. 31, 2016 14:01:32.94 [4944:6904:0831/140132:ERROR:ssl_client_socket_impl.cc(1154)] handshake failed; returned -1, SSL error code 1, net_error -100
ago. 31, 2016 14:01:33.10 [4944:6904:0831/140133:ERROR:ssl_client_socket_impl.cc(1154)] handshake failed; returned -1, SSL error code 1, net_error -100
ago. 31, 2016 14:01:33.26 [4944:6904:0831/140133:ERROR:ssl_client_socket_impl.cc(1154)] handshake failed; returned -1, SSL error code 1, net_error -100
ago. 31, 2016 14:01:33.37 [4944:6904:0831/140133:ERROR:ssl_client_socket_impl.cc(1154)] handshake failed; returned -1, SSL error code 1, net_error -100
ago. 31, 2016 14:01:33.39 [4944:6904:0831/140133:ERROR:ssl_client_socket_impl.cc(1154)] handshake failed; returned -1, SSL error code 1, net_error -100
ago. 31, 2016 14:01:33.41 [4944:6904:0831/140133:ERROR:ssl_client_socket_impl.cc(1154)] handshake failed; returned -1, SSL error code 1, net_error -100
ago. 31, 2016 14:01:33.52 [4944:6904:0831/140133:ERROR:ssl_client_socket_impl.cc(1154)] handshake failed; returned -1, SSL error code 1, net_error -100
ago. 31, 2016 14:01:33.57 [4944:6904:0831/140133:ERROR:ssl_client_socket_impl.cc(1154)] handshake failed; returned -1, SSL error code 1, net_error -100
ago. 31, 2016 14:01:33.58 [4944:6904:0831/140133:ERROR:ssl_client_socket_impl.cc(1154)] handshake failed; returned -1, SSL error code 1, net_error -100
ago. 31, 2016 14:01:33.68 [4944:6904:0831/140133:ERROR:ssl_client_socket_impl.cc(1154)] handshake failed; returned -1, SSL error code 1, net_error -100
ago. 31, 2016 14:01:33.69 [4944:6904:0831/140133:ERROR:ssl_client_socket_impl.cc(1154)] handshake failed; returned -1, SSL error code 1, net_error -100
ago. 31, 2016 14:01:33.69 [4944:6904:0831/140133:ERROR:ssl_client_socket_impl.cc(1154)] handshake failed; returned -1, SSL error code 1, net_error -100
ago. 31, 2016 14:01:33.74 [4944:6904:0831/140133:ERROR:ssl_client_socket_impl.cc(1154)] handshake failed; returned -1, SSL error code 1, net_error -100
ago. 31, 2016 14:01:33.83 [4944:6904:0831/140133:ERROR:ssl_client_socket_impl.cc(1154)] handshake failed; returned -1, SSL error code 1, net_error -100
ago. 31, 2016 14:01:33.86 [4944:6904:0831/140133:ERROR:ssl_client_socket_impl.cc(1154)] handshake failed; returned -1, SSL error code 1, net_error -100
ago. 31, 2016 14:01:33.88 [4944:6904:0831/140133:ERROR:ssl_client_socket_impl.cc(1154)] handshake failed; returned -1, SSL error code 1, net_error -100
ago. 31, 2016 14:01:34.05 [4944:6904:0831/140134:ERROR:ssl_client_socket_impl.cc(1154)] handshake failed; returned -1, SSL error code 1, net_error -100
ago. 31, 2016 14:01:34.05 [4944:6904:0831/140134:ERROR:ssl_client_socket_impl.cc(1154)] handshake failed; returned -1, SSL error code 1, net_error -100
ago. 31, 2016 14:01:34.19 [4944:6904:0831/140134:ERROR:ssl_client_socket_impl.cc(1154)] handshake failed; returned -1, SSL error code 1, net_error -100
ago. 31, 2016 14:01:34.28 [4944:6904:0831/140134:ERROR:ssl_client_socket_impl.cc(1154)] handshake failed; returned -1, SSL error code 1, net_error -100
ago. 31, 2016 14:01:34.35 [4944:6904:0831/140134:ERROR:ssl_client_socket_impl.cc(1154)] handshake failed; returned -1, SSL error code 1, net_error -100
ago. 31, 2016 14:01:34.61 [4944:6904:0831/140134:ERROR:ssl_client_socket_impl.cc(1154)] handshake failed; returned -1, SSL error code 1, net_error -100
ago. 31, 2016 14:01:34.62 [4944:6904:0831/140134:ERROR:ssl_client_socket_impl.cc(1154)] handshake failed; returned -1, SSL error code 1, net_error -100
ago. 31, 2016 14:01:34.62 [4944:6904:0831/140134:ERROR:ssl_client_socket_impl.cc(1154)] handshake failed; returned -1, SSL error code 1, net_error -100
ago. 31, 2016 14:01:34.67 [4944:6904:0831/140134:ERROR:ssl_client_socket_impl.cc(1154)] handshake failed; returned -1, SSL error code 1, net_error -100
ago. 31, 2016 14:01:34.70 [4944:6904:0831/140134:ERROR:ssl_client_socket_impl.cc(1154)] handshake failed; returned -1, SSL error code 1, net_error -100
ago. 31, 2016 14:01:34.81 [4944:6904:0831/140134:ERROR:ssl_client_socket_impl.cc(1154)] handshake failed; returned -1, SSL error code 1, net_error -100
ago. 31, 2016 14:01:34.85 [4944:6904:0831/140134:ERROR:ssl_client_socket_impl.cc(1154)] handshake failed; returned -1, SSL error code 1, net_error -100
ago. 31, 2016 14:01:34.96 [4944:6904:0831/140134:ERROR:ssl_client_socket_impl.cc(1154)] handshake failed; returned -1, SSL error code 1, net_error -100
ago. 31, 2016 14:01:34.99 [4944:6904:0831/140134:ERROR:ssl_client_socket_impl.cc(1154)] handshake failed; returned -1, SSL error code 1, net_error -100
ago. 31, 2016 14:01:34.99 [4944:6904:0831/140134:ERROR:ssl_client_socket_impl.cc(1154)] handshake failed; returned -1, SSL error code 1, net_error -100
ago. 31, 2016 14:01:34.99 [4944:6904:0831/140134:ERROR:ssl_client_socket_impl.cc(1154)] handshake failed; returned -1, SSL error code 1, net_error -100
ago. 31, 2016 14:01:35.10 [4944:6904:0831/140135:ERROR:ssl_client_socket_impl.cc(1154)] handshake failed; returned -1, SSL error code 1, net_error -100
ago. 31, 2016 14:01:35.27 [4944:6904:0831/140135:ERROR:ssl_client_socket_impl.cc(1154)] handshake failed; returned -1, SSL error code 1, net_error -100
ago. 31, 2016 14:01:35.27 [4944:6904:0831/140135:ERROR:ssl_client_socket_impl.cc(1154)] handshake failed; returned -1, SSL error code 1, net_error -100
ago. 31, 2016 14:01:35.29 [4944:6904:0831/140135:ERROR:ssl_client_socket_impl.cc(1154)] handshake failed; returned -1, SSL error code 1, net_error -100
ago. 31, 2016 14:01:35.35 [4944:6904:0831/140135:ERROR:ssl_client_socket_impl.cc(1154)] handshake failed; returned -1, SSL error code 1, net_error -100
ago. 31, 2016 14:01:35.45 [4944:6904:0831/140135:ERROR:ssl_client_socket_impl.cc(1154)] handshake failed; returned -1, SSL error code 1, net_error -100
ago. 31, 2016 14:01:35.61 [4944:6904:0831/140135:ERROR:ssl_client_socket_impl.cc(1154)] handshake failed; returned -1, SSL error code 1, net_error -100
ago. 31, 2016 14:01:35.61 [4944:6904:0831/140135:ERROR:ssl_client_socket_impl.cc(1154)] handshake failed; returned -1, SSL error code 1, net_error -100
ago. 31, 2016 14:01:35.78 [4944:6904:0831/140135:ERROR:ssl_client_socket_impl.cc(1154)] handshake failed; returned -1, SSL error code 1, net_error -100
ago. 31, 2016 14:01:35.92 [4944:6904:0831/140135:ERROR:ssl_client_socket_impl.cc(1154)] handshake failed; returned -1, SSL error code 1, net_error -100
ago. 31, 2016 14:01:36.21 [4944:6904:0831/140136:ERROR:ssl_client_socket_impl.cc(1154)] handshake failed; returned -1, SSL error code 1, net_error -100
ago. 31, 2016 14:01:37.09 [4944:6904:0831/140137:ERROR:ssl_client_socket_impl.cc(1154)] handshake failed; returned -1, SSL error code 1, net_error -100
ago. 31, 2016 14:01:37.12 [4944:6904:0831/140137:ERROR:ssl_client_socket_impl.cc(1154)] handshake failed; returned -1, SSL error code 1, net_error -100
ago. 31, 2016 14:01:37.27 [4944:6904:0831/140137:ERROR:ssl_client_socket_impl.cc(1154)] handshake failed; returned -1, SSL error code 1, net_error -100
ago. 31, 2016 14:01:37.38 [4944:6904:0831/140137:ERROR:ssl_client_socket_impl.cc(1154)] handshake failed; returned -1, SSL error code 1, net_error -100
ago. 31, 2016 14:01:37.41 [4944:6904:0831/140137:ERROR:ssl_client_socket_impl.cc(1154)] handshake failed; returned -1, SSL error code 1, net_error -100
ago. 31, 2016 14:01:37.41 [4944:6904:0831/140137:ERROR:ssl_client_socket_impl.cc(1154)] handshake failed; returned -1, SSL error code 1, net_error -100
ago. 31, 2016 14:01:37.66 [4944:6904:0831/140137:ERROR:ssl_client_socket_impl.cc(1154)] handshake failed; returned -1, SSL error code 1, net_error -100
ago. 31, 2016 14:01:37.77 [4944:6904:0831/140137:ERROR:ssl_client_socket_impl.cc(1154)] handshake failed; returned -1, SSL error code 1, net_error -100
ago. 31, 2016 14:01:37.80 [4944:6904:0831/140137:ERROR:ssl_client_socket_impl.cc(1154)] handshake failed; returned -1, SSL error code 1, net_error -100
ago. 31, 2016 14:01:37.94 [4944:6904:0831/140137:ERROR:ssl_client_socket_impl.cc(1154)] handshake failed; returned -1, SSL error code 1, net_error -100
ago. 31, 2016 14:01:38.03 [4944:6904:0831/140138:ERROR:ssl_client_socket_impl.cc(1154)] handshake failed; returned -1, SSL error code 1, net_error -100
ago. 31, 2016 14:01:38.08 [4944:6904:0831/140138:ERROR:ssl_client_socket_impl.cc(1154)] handshake failed; returned -1, SSL error code 1, net_error -100
ago. 31, 2016 14:01:38.09 [4944:6904:0831/140138:ERROR:ssl_client_socket_impl.cc(1154)] handshake failed; returned -1, SSL error code 1, net_error -100
ago. 31, 2016 14:01:38.36 [4944:6904:0831/140138:ERROR:ssl_client_socket_impl.cc(1154)] handshake failed; returned -1, SSL error code 1, net_error -100
ago. 31, 2016 14:01:38.38 [4944:6904:0831/140138:ERROR:ssl_client_socket_impl.cc(1154)] handshake failed; returned -1, SSL error code 1, net_error -100
ago. 31, 2016 14:01:38.71 [4944:6904:0831/140138:ERROR:ssl_client_socket_impl.cc(1154)] handshake failed; returned -1, SSL error code 1, net_error -100
ago. 31, 2016 14:01:38.99 [4944:6904:0831/140138:ERROR:ssl_client_socket_impl.cc(1154)] handshake failed; returned -1, SSL error code 1, net_error -100
ago. 31, 2016 14:01:39.14 [4944:6904:0831/140139:ERROR:ssl_client_socket_impl.cc(1154)] handshake failed; returned -1, SSL error code 1, net_error -100
ago. 31, 2016 14:01:39.42 [4944:6904:0831/140139:ERROR:ssl_client_socket_impl.cc(1154)] handshake failed; returned -1, SSL error code 1, net_error -100
ago. 31, 2016 14:01:39.45 [4944:6904:0831/140139:ERROR:ssl_client_socket_impl.cc(1154)] handshake failed; returned -1, SSL error code 1, net_error -100
ago. 31, 2016 14:01:39.64 [4944:6904:0831/140139:ERROR:ssl_client_socket_impl.cc(1154)] handshake failed; returned -1, SSL error code 1, net_error -100
ago. 31, 2016 14:01:39.74 [4944:6904:0831/140139:ERROR:ssl_client_socket_impl.cc(1154)] handshake failed; returned -1, SSL error code 1, net_error -100
ago. 31, 2016 14:01:39.96 [4944:6904:0831/140139:ERROR:ssl_client_socket_impl.cc(1154)] handshake failed; returned -1, SSL error code 1, net_error -100
ago. 31, 2016 14:01:40.02 [4944:6904:0831/140140:ERROR:ssl_client_socket_impl.cc(1154)] handshake failed; returned -1, SSL error code 1, net_error -100
ago. 31, 2016 14:01:40.02 [4944:6904:0831/140140:ERROR:ssl_client_socket_impl.cc(1154)] handshake failed; returned -1, SSL error code 1, net_error -100
ago. 31, 2016 14:01:40.16 [4944:6904:0831/140140:ERROR:ssl_client_socket_impl.cc(1154)] handshake failed; returned -1, SSL error code 1, net_error -100
ago. 31, 2016 14:01:40.28 [4944:6904:0831/140140:ERROR:ssl_client_socket_impl.cc(1154)] handshake failed; returned -1, SSL error code 1, net_error -100
ago. 31, 2016 14:01:40.31 [4944:6904:0831/140140:ERROR:ssl_client_socket_impl.cc(1154)] handshake failed; returned -1, SSL error code 1, net_error -100
ago. 31, 2016 14:01:40.46 [4944:6904:0831/140140:ERROR:ssl_client_socket_impl.cc(1154)] handshake failed; returned -1, SSL error code 1, net_error -100
ago. 31, 2016 14:01:40.61 [4944:6904:0831/140140:ERROR:ssl_client_socket_impl.cc(1154)] handshake failed; returned -1, SSL error code 1, net_error -100
ago. 31, 2016 14:01:40.65 [4944:6904:0831/140140:ERROR:ssl_client_socket_impl.cc(1154)] handshake failed; returned -1, SSL error code 1, net_error -100
ago. 31, 2016 14:01:40.77 [4944:6904:0831/140140:ERROR:ssl_client_socket_impl.cc(1154)] handshake failed; returned -1, SSL error code 1, net_error -100
ago. 31, 2016 14:01:40.81 [4944:6904:0831/140140:ERROR:ssl_client_socket_impl.cc(1154)] handshake failed; returned -1, SSL error code 1, net_error -100
ago. 31, 2016 14:01:40.92 [4944:6904:0831/140140:ERROR:ssl_client_socket_impl.cc(1154)] handshake failed; returned -1, SSL error code 1, net_error -100
ago. 31, 2016 14:01:40.92 [4944:6904:0831/140140:ERROR:ssl_client_socket_impl.cc(1154)] handshake failed; returned -1, SSL error code 1, net_error -100
ago. 31, 2016 14:01:41.07 [4944:6904:0831/140141:ERROR:ssl_client_socket_impl.cc(1154)] handshake failed; returned -1, SSL error code 1, net_error -100
ago. 31, 2016 14:01:41.07 [4944:6904:0831/140141:ERROR:ssl_client_socket_impl.cc(1154)] handshake failed; returned -1, SSL error code 1, net_error -100
ago. 31, 2016 14:01:41.10 [4944:6904:0831/140141:ERROR:ssl_client_socket_impl.cc(1154)] handshake failed; returned -1, SSL error code 1, net_error -100
ago. 31, 2016 14:01:41.23 [4944:6904:0831/140141:ERROR:ssl_client_socket_impl.cc(1154)] handshake failed; returned -1, SSL error code 1, net_error -100
ago. 31, 2016 14:01:42.02 [4944:6904:0831/140142:ERROR:ssl_client_socket_impl.cc(1154)] handshake failed; returned -1, SSL error code 1, net_error -100
ago. 31, 2016 14:01:42.32 [4944:6904:0831/140142:ERROR:ssl_client_socket_impl.cc(1154)] handshake failed; returned -1, SSL error code 1, net_error -100
ago. 31, 2016 14:01:42.61 [4944:6904:0831/140142:ERROR:ssl_client_socket_impl.cc(1154)] handshake failed; returned -1, SSL error code 1, net_error -100
ago. 31, 2016 14:01:43.08 [4944:6904:0831/140143:ERROR:ssl_client_socket_impl.cc(1154)] handshake failed; returned -1, SSL error code 1, net_error -100
ago. 31, 2016 14:01:43.38 [4944:6904:0831/140143:ERROR:ssl_client_socket_impl.cc(1154)] handshake failed; returned -1, SSL error code 1, net_error -100
ago. 31, 2016 14:01:43.68 [4944:6904:0831/140143:ERROR:ssl_client_socket_impl.cc(1154)] handshake failed; returned -1, SSL error code 1, net_error -100
ago. 31, 2016 14:01:46.47 [4944:6904:0831/140146:ERROR:ssl_client_socket_impl.cc(1154)] handshake failed; returned -1, SSL error code 1, net_error -100
ago. 31, 2016 14:01:46.75 [4944:6904:0831/140146:ERROR:ssl_client_socket_impl.cc(1154)] handshake failed; returned -1, SSL error code 1, net_error -100
ago. 31, 2016 14:01:46.77 [4944:6904:0831/140146:ERROR:ssl_client_socket_impl.cc(1154)] handshake failed; returned -1, SSL error code 1, net_error -100
ago. 31, 2016 14:01:46.80 [4944:6904:0831/140146:ERROR:ssl_client_socket_impl.cc(1154)] handshake failed; returned -1, SSL error code 1, net_error -100
ago. 31, 2016 14:01:47.03 [4944:6904:0831/140147:ERROR:ssl_client_socket_impl.cc(1154)] handshake failed; returned -1, SSL error code 1, net_error -100
ago. 31, 2016 14:01:47.05 [4944:6904:0831/140147:ERROR:ssl_client_socket_impl.cc(1154)] handshake failed; returned -1, SSL error code 1, net_error -100
ago. 31, 2016 14:01:47.10 [4944:6904:0831/140147:ERROR:ssl_client_socket_impl.cc(1154)] handshake failed; returned -1, SSL error code 1, net_error -100
ago. 31, 2016 14:01:47.34 [4944:6904:0831/140147:ERROR:ssl_client_socket_impl.cc(1154)] handshake failed; returned -1, SSL error code 1, net_error -100
ago. 31, 2016 14:01:47.34 [4944:6904:0831/140147:ERROR:ssl_client_socket_impl.cc(1154)] handshake failed; returned -1, SSL error code 1, net_error -100
ago. 31, 2016 14:01:47.37 [4944:6904:0831/140147:ERROR:ssl_client_socket_impl.cc(1154)] handshake failed; returned -1, SSL error code 1, net_error -100
ago. 31, 2016 14:01:47.38 [4944:6904:0831/140147:ERROR:ssl_client_socket_impl.cc(1154)] handshake failed; returned -1, SSL error code 1, net_error -100
ago. 31, 2016 14:01:47.60 [4944:6904:0831/140147:ERROR:ssl_client_socket_impl.cc(1154)] handshake failed; returned -1, SSL error code 1, net_error -100
ago. 31, 2016 14:01:47.62 [4944:6904:0831/140147:ERROR:ssl_client_socket_impl.cc(1154)] handshake failed; returned -1, SSL error code 1, net_error -100
ago. 31, 2016 14:01:47.62 [4944:6904:0831/140147:ERROR:ssl_client_socket_impl.cc(1154)] handshake failed; returned -1, SSL error code 1, net_error -100
ago. 31, 2016 14:01:47.72 [4944:6904:0831/140147:ERROR:ssl_client_socket_impl.cc(1154)] handshake failed; returned -1, SSL error code 1, net_error -100
ago. 31, 2016 14:01:47.73 [4944:6904:0831/140147:ERROR:ssl_client_socket_impl.cc(1154)] handshake failed; returned -1, SSL error code 1, net_error -100
ago. 31, 2016 14:01:47.83 [4944:6904:0831/140147:ERROR:ssl_client_socket_impl.cc(1154)] handshake failed; returned -1, SSL error code 1, net_error -100
ago. 31, 2016 14:01:47.90 [4944:6904:0831/140147:ERROR:ssl_client_socket_impl.cc(1154)] handshake failed; returned -1, SSL error code 1, net_error -100
ago. 31, 2016 14:01:47.92 [4944:6904:0831/140147:ERROR:ssl_client_socket_impl.cc(1154)] handshake failed; returned -1, SSL error code 1, net_error -100
ago. 31, 2016 14:01:47.92 [4944:6904:0831/140147:ERROR:ssl_client_socket_impl.cc(1154)] handshake failed; returned -1, SSL error code 1, net_error -100
ago. 31, 2016 14:01:48.94 [4944:6904:0831/140148:ERROR:ssl_client_socket_impl.cc(1154)] handshake failed; returned -1, SSL error code 1, net_error -100
ago. 31, 2016 14:01:49.23 [4944:6904:0831/140149:ERROR:ssl_client_socket_impl.cc(1154)] handshake failed; returned -1, SSL error code 1, net_error -100
ago. 31, 2016 14:01:49.53 [4944:6904:0831/140149:ERROR:ssl_client_socket_impl.cc(1154)] handshake failed; returned -1, SSL error code 1, net_error -100
ago. 31, 2016 14:01:50.54 [4944:6904:0831/140150:ERROR:ssl_client_socket_impl.cc(1154)] handshake failed; returned -1, SSL error code 1, net_error -100
ago. 31, 2016 14:01:52.01 [4944:6904:0831/140152:ERROR:ssl_client_socket_impl.cc(1154)] handshake failed; returned -1, SSL error code 1, net_error -100
ago. 31, 2016 14:01:52.61 [4944:6904:0831/140152:ERROR:ssl_client_socket_impl.cc(1154)] handshake failed; returned -1, SSL error code 1, net_error -100
ago. 31, 2016 14:01:52.90 [4944:6904:0831/140152:ERROR:ssl_client_socket_impl.cc(1154)] handshake failed; returned -1, SSL error code 1, net_error -100
ago. 31, 2016 14:01:53.21 [4944:6904:0831/140153:ERROR:ssl_client_socket_impl.cc(1154)] handshake failed; returned -1, SSL error code 1, net_error -100
ago. 31, 2016 14:02:04.24 [4944:6904:0831/140204:ERROR:ssl_client_socket_impl.cc(1154)] handshake failed; returned -1, SSL error code 1, net_error -100
ago. 31, 2016 14:02:04.39 [4944:6904:0831/140204:ERROR:ssl_client_socket_impl.cc(1154)] handshake failed; returned -1, SSL error code 1, net_error -100
ago. 31, 2016 14:02:04.48 [4944:6904:0831/140204:ERROR:ssl_client_socket_impl.cc(1154)] handshake failed; returned -1, SSL error code 1, net_error -100
ago. 31, 2016 14:02:04.55 [4944:6904:0831/140204:ERROR:ssl_client_socket_impl.cc(1154)] handshake failed; returned -1, SSL error code 1, net_error -100
ago. 31, 2016 14:02:04.80 [4944:6904:0831/140204:ERROR:ssl_client_socket_impl.cc(1154)] handshake failed; returned -1, SSL error code 1, net_error -100
ago. 31, 2016 14:02:05.07 [4944:6904:0831/140205:ERROR:ssl_client_socket_impl.cc(1154)] handshake failed; returned -1, SSL error code 1, net_error -100
ago. 31, 2016 14:02:05.16 [4944:6904:0831/140205:ERROR:ssl_client_socket_impl.cc(1154)] handshake failed; returned -1, SSL error code 1, net_error -100
ago. 31, 2016 14:02:05.29 [4944:6904:0831/140205:ERROR:ssl_client_socket_impl.cc(1154)] handshake failed; returned -1, SSL error code 1, net_error -100
ago. 31, 2016 14:02:07.19 [4944:6904:0831/140207:ERROR:ssl_client_socket_impl.cc(1154)] handshake failed; returned -1, SSL error code 1, net_error -100
ago. 31, 2016 14:02:07.48 [4944:6904:0831/140207:ERROR:ssl_client_socket_impl.cc(1154)] handshake failed; returned -1, SSL error code 1, net_error -100
ago. 31, 2016 14:02:07.77 [4944:6904:0831/140207:ERROR:ssl_client_socket_impl.cc(1154)] handshake failed; returned -1, SSL error code 1, net_error -100
ago. 31, 2016 14:21:53.51 [4944:9276:0831/142153:ERROR:CONSOLE(0)] "Unrecognized Content-Security-Policy directive 'worker-src'.
ago. 31, 2016 14:21:53.52 ", source: https://www.dropbox.com/sh/ef2x9us2q671qle/AAC72lXA6oKUL6trNNP3aBhqa?dl=0 (0)
ago. 31, 2016 14:50:17.46 [4944:6904:0831/145017:ERROR:ssl_client_socket_impl.cc(1154)] handshake failed; returned -1, SSL error code 1, net_error -100
ago. 31, 2016 14:50:17.71 [4944:6904:0831/145017:ERROR:ssl_client_socket_impl.cc(1154)] handshake failed; returned -1, SSL error code 1, net_error -100
ago. 31, 2016 14:50:18.02 [4944:6904:0831/145018:ERROR:ssl_client_socket_impl.cc(1154)] handshake failed; returned -1, SSL error code 1, net_error -100
ago. 31, 2016 14:57:52.26 [4944:6904:0831/145752:ERROR:ssl_client_socket_impl.cc(1154)] handshake failed; returned -1, SSL error code 1, net_error -100
ago. 31, 2016 14:57:52.56 [4944:6904:0831/145752:ERROR:ssl_client_socket_impl.cc(1154)] handshake failed; returned -1, SSL error code 1, net_error -100
ago. 31, 2016 14:57:52.86 [4944:6904:0831/145752:ERROR:ssl_client_socket_impl.cc(1154)] handshake failed; returned -1, SSL error code 1, net_error -100
ago. 31, 2016 15:15:48.15 [4944:6840:0831/151548:ERROR:dns_config_service_win.cc(743)] DNS config watch failed.
ago. 31, 2016 15:21:55.56 [4944:6904:0831/152155:ERROR:ssl_client_socket_impl.cc(1154)] handshake failed; returned -1, SSL error code 1, net_error -100
ago. 31, 2016 15:21:55.86 [4944:6904:0831/152155:ERROR:ssl_client_socket_impl.cc(1154)] handshake failed; returned -1, SSL error code 1, net_error -100
ago. 31, 2016 15:21:56.17 [4944:6904:0831/152156:ERROR:ssl_client_socket_impl.cc(1154)] handshake failed; returned -1, SSL error code 1, net_error -100
ago. 31, 2016 15:53:06.39 [4944:6904:0831/155306:ERROR:ssl_client_socket_impl.cc(1154)] handshake failed; returned -1, SSL error code 1, net_error -100
ago. 31, 2016 15:53:06.68 [4944:6904:0831/155306:ERROR:ssl_client_socket_impl.cc(1154)] handshake failed; returned -1, SSL error code 1, net_error -100
ago. 31, 2016 15:53:06.97 [4944:6904:0831/155306:ERROR:ssl_client_socket_impl.cc(1154)] handshake failed; returned -1, SSL error code 1, net_error -100
ago. 31, 2016 16:09:00.05 [4944:9276:0831/160900:ERROR:CONSOLE(0)] "Unrecognized Content-Security-Policy directive 'worker-src'.
ago. 31, 2016 16:09:00.05 ", source: https://www.dropbox.com/sh/ef2x9us2q671qle/AAC72lXA6oKUL6trNNP3aBhqa?dl=0 (0)
ago. 31, 2016 16:23:45.29 [4944:6904:0831/162345:ERROR:ssl_client_socket_impl.cc(1154)] handshake failed; returned -1, SSL error code 1, net_error -100
ago. 31, 2016 16:23:45.62 [4944:6904:0831/162345:ERROR:ssl_client_socket_impl.cc(1154)] handshake failed; returned -1, SSL error code 1, net_error -100
ago. 31, 2016 16:23:45.99 [4944:6904:0831/162345:ERROR:ssl_client_socket_impl.cc(1154)] handshake failed; returned -1, SSL error code 1, net_error -100
ago. 31, 2016 16:53:30.96 [4944:6904:0831/165330:ERROR:ssl_client_socket_impl.cc(1154)] handshake failed; returned -1, SSL error code 1, net_error -100
ago. 31, 2016 16:53:31.21 [4944:6904:0831/165331:ERROR:ssl_client_socket_impl.cc(1154)] handshake failed; returned -1, SSL error code 1, net_error -100
ago. 31, 2016 16:53:31.51 [4944:6904:0831/165331:ERROR:ssl_client_socket_impl.cc(1154)] handshake failed; returned -1, SSL error code 1, net_error -100
ago. 31, 2016 17:25:19.83 [4944:6904:0831/172519:ERROR:ssl_client_socket_impl.cc(1154)] handshake failed; returned -1, SSL error code 1, net_error -100
ago. 31, 2016 17:25:20.17 [4944:6904:0831/172520:ERROR:ssl_client_socket_impl.cc(1154)] handshake failed; returned -1, SSL error code 1, net_error -100
ago. 31, 2016 17:25:20.47 [4944:6904:0831/172520:ERROR:ssl_client_socket_impl.cc(1154)] handshake failed; returned -1, SSL error code 1, net_error -100
ago. 31, 2016 17:54:30.39 [4944:6904:0831/175430:ERROR:ssl_client_socket_impl.cc(1154)] handshake failed; returned -1, SSL error code 1, net_error -100
ago. 31, 2016 17:54:30.66 [4944:6904:0831/175430:ERROR:ssl_client_socket_impl.cc(1154)] handshake failed; returned -1, SSL error code 1, net_error -100
ago. 31, 2016 17:54:30.97 [4944:6904:0831/175430:ERROR:ssl_client_socket_impl.cc(1154)] handshake failed; returned -1, SSL error code 1, net_error -100
sep. 01, 2016 09:43:49.44 [4944:6904:0901/094349:ERROR:ssl_client_socket_impl.cc(1154)] handshake failed; returned -1, SSL error code 1, net_error -100
sep. 01, 2016 09:43:49.77 [4944:6904:0901/094349:ERROR:ssl_client_socket_impl.cc(1154)] handshake failed; returned -1, SSL error code 1, net_error -100
sep. 01, 2016 09:43:50.02 [4944:6904:0901/094350:ERROR:ssl_client_socket_impl.cc(1154)] handshake failed; returned -1, SSL error code 1, net_error -100
sep. 01, 2016 09:43:52.40 [4944:6904:0901/094352:ERROR:ssl_client_socket_impl.cc(1154)] handshake failed; returned -1, SSL error code 1, net_error -100
sep. 01, 2016 09:43:55.03 [4944:6904:0901/094352:ERROR:ssl_client_socket_impl.cc(1154)] handshake failed; returned -1, SSL error code 1, net_error -100
sep. 01, 2016 09:43:55.03 [4944:6904:0901/094352:ERROR:ssl_client_socket_impl.cc(1154)] handshake failed; returned -1, SSL error code 1, net_error -100
sep. 01, 2016 09:44:23.85 [4944:6904:0901/094423:ERROR:ssl_client_socket_impl.cc(1154)] handshake failed; returned -1, SSL error code 1, net_error -100
sep. 01, 2016 09:44:24.15 [4944:6904:0901/094424:ERROR:ssl_client_socket_impl.cc(1154)] handshake failed; returned -1, SSL error code 1, net_error -100
sep. 01, 2016 09:44:24.43 [4944:6904:0901/094424:ERROR:ssl_client_socket_impl.cc(1154)] handshake failed; returned -1, SSL error code 1, net_error -100
sep. 01, 2016 09:44:24.94 [4944:6904:0901/094424:ERROR:ssl_client_socket_impl.cc(1154)] handshake failed; returned -1, SSL error code 1, net_error -100
sep. 01, 2016 09:44:26.47 [4944:6904:0901/094426:ERROR:ssl_client_socket_impl.cc(1154)] handshake failed; returned -1, SSL error code 1, net_error -100
sep. 01, 2016 09:45:24.89 [4944:6904:0901/094524:ERROR:ssl_client_socket_impl.cc(1154)] handshake failed; returned -1, SSL error code 1, net_error -100
sep. 01, 2016 09:45:25.30 [4944:6904:0901/094525:ERROR:ssl_client_socket_impl.cc(1154)] handshake failed; returned -1, SSL error code 1, net_error -100
sep. 01, 2016 09:45:25.30 [4944:6904:0901/094525:ERROR:ssl_client_socket_impl.cc(1154)] handshake failed; returned -1, SSL error code 1, net_error -100
sep. 01, 2016 09:45:26.73 [4944:6904:0901/094526:ERROR:ssl_client_socket_impl.cc(1154)] handshake failed; returned -1, SSL error code 1, net_error -100
sep. 01, 2016 09:45:26.73 [4944:6904:0901/094526:ERROR:ssl_client_socket_impl.cc(1154)] handshake failed; returned -1, SSL error code 1, net_error -100
sep. 01, 2016 09:45:26.88 [4944:6904:0901/094526:ERROR:ssl_client_socket_impl.cc(1154)] handshake failed; returned -1, SSL error code 1, net_error -100
sep. 01, 2016 09:45:27.12 [4944:6904:0901/094527:ERROR:ssl_client_socket_impl.cc(1154)] handshake failed; returned -1, SSL error code 1, net_error -100
sep. 01, 2016 09:45:27.71 [4944:6904:0901/094527:ERROR:ssl_client_socket_impl.cc(1154)] handshake failed; returned -1, SSL error code 1, net_error -100
sep. 01, 2016 09:45:30.20 [4944:6904:0901/094530:ERROR:ssl_client_socket_impl.cc(1154)] handshake failed; returned -1, SSL error code 1, net_error -100
sep. 01, 2016 09:45:30.90 [4944:6904:0901/094530:ERROR:ssl_client_socket_impl.cc(1154)] handshake failed; returned -1, SSL error code 1, net_error -100
sep. 01, 2016 09:45:31.22 [4944:6904:0901/094531:ERROR:ssl_client_socket_impl.cc(1154)] handshake failed; returned -1, SSL error code 1, net_error -100
sep. 01, 2016 09:45:31.49 [4944:6904:0901/094531:ERROR:ssl_client_socket_impl.cc(1154)] handshake failed; returned -1, SSL error code 1, net_error -100
sep. 01, 2016 09:47:37.70 [4944:6904:0901/094737:ERROR:ssl_client_socket_impl.cc(1154)] handshake failed; returned -1, SSL error code 1, net_error -100
sep. 01, 2016 09:52:57.78 [4944:6904:0901/095257:ERROR:ssl_client_socket_impl.cc(1154)] handshake failed; returned -1, SSL error code 1, net_error -100
sep. 01, 2016 09:52:58.07 [4944:6904:0901/095258:ERROR:ssl_client_socket_impl.cc(1154)] handshake failed; returned -1, SSL error code 1, net_error -100
sep. 01, 2016 09:52:58.48 [4944:6904:0901/095258:ERROR:ssl_client_socket_impl.cc(1154)] handshake failed; returned -1, SSL error code 1, net_error -100
sep. 01, 2016 09:53:03.52 [4944:6904:0901/095259:ERROR:ssl_client_socket_impl.cc(1154)] handshake failed; returned -1, SSL error code 1, net_error -100
sep. 01, 2016 09:53:03.52 [4944:6904:0901/095259:ERROR:ssl_client_socket_impl.cc(1154)] handshake failed; returned -1, SSL error code 1, net_error -100
sep. 01, 2016 09:53:03.52 [4944:6904:0901/095259:ERROR:ssl_client_socket_impl.cc(1154)] handshake failed; returned -1, SSL error code 1, net_error -100
sep. 01, 2016 10:19:43.34 [4944:6904:0901/101943:ERROR:ssl_client_socket_impl.cc(1154)] handshake failed; returned -1, SSL error code 1, net_error -100
sep. 01, 2016 10:19:43.65 [4944:6904:0901/101943:ERROR:ssl_client_socket_impl.cc(1154)] handshake failed; returned -1, SSL error code 1, net_error -100
sep. 01, 2016 10:19:44.49 [4944:6904:0901/101943:ERROR:ssl_client_socket_impl.cc(1154)] handshake failed; returned -1, SSL error code 1, net_error -100
sep. 01, 2016 10:19:44.49 [4944:6904:0901/101944:ERROR:ssl_client_socket_impl.cc(1154)] handshake failed; returned -1, SSL error code 1, net_error -100
sep. 01, 2016 10:19:44.49 [4944:6904:0901/101944:ERROR:ssl_client_socket_impl.cc(1154)] handshake failed; returned -1, SSL error code 1, net_error -100
sep. 01, 2016 10:19:44.59 [4944:6904:0901/101944:ERROR:ssl_client_socket_impl.cc(1154)] handshake failed; returned -1, SSL error code 1, net_error -100
sep. 01, 2016 10:19:44.74 [4944:6904:0901/101944:ERROR:ssl_client_socket_impl.cc(1154)] handshake failed; returned -1, SSL error code 1, net_error -100
sep. 01, 2016 10:19:44.98 [4944:6904:0901/101944:ERROR:ssl_client_socket_impl.cc(1154)] handshake failed; returned -1, SSL error code 1, net_error -100
sep. 01, 2016 10:19:45.86 [4944:6904:0901/101945:ERROR:ssl_client_socket_impl.cc(1154)] handshake failed; returned -1, SSL error code 1, net_error -100
sep. 01, 2016 10:19:45.86 [4944:6904:0901/101945:ERROR:ssl_client_socket_impl.cc(1154)] handshake failed; returned -1, SSL error code 1, net_error -100
sep. 01, 2016 10:19:45.86 [4944:6904:0901/101945:ERROR:ssl_client_socket_impl.cc(1154)] handshake failed; returned -1, SSL error code 1, net_error -100
sep. 01, 2016 10:19:46.09 [4944:6904:0901/101946:ERROR:ssl_client_socket_impl.cc(1154)] handshake failed; returned -1, SSL error code 1, net_error -100
sep. 01, 2016 10:19:46.69 [4944:6904:0901/101946:ERROR:ssl_client_socket_impl.cc(1154)] handshake failed; returned -1, SSL error code 1, net_error -100
sep. 01, 2016 10:19:47.07 [4944:6904:0901/101947:ERROR:ssl_client_socket_impl.cc(1154)] handshake failed; returned -1, SSL error code 1, net_error -100
sep. 01, 2016 10:19:47.21 [4944:6904:0901/101947:ERROR:ssl_client_socket_impl.cc(1154)] handshake failed; returned -1, SSL error code 1, net_error -100
sep. 01, 2016 10:19:47.24 [4944:6904:0901/101947:ERROR:ssl_client_socket_impl.cc(1154)] handshake failed; returned -1, SSL error code 1, net_error -100
sep. 01, 2016 10:19:47.53 [4944:6904:0901/101947:ERROR:ssl_client_socket_impl.cc(1154)] handshake failed; returned -1, SSL error code 1, net_error -100
sep. 01, 2016 10:19:47.61 [4944:6904:0901/101947:ERROR:ssl_client_socket_impl.cc(1154)] handshake failed; returned -1, SSL error code 1, net_error -100
sep. 01, 2016 10:19:47.61 [4944:6904:0901/101947:ERROR:ssl_client_socket_impl.cc(1154)] handshake failed; returned -1, SSL error code 1, net_error -100
sep. 01, 2016 10:19:48.18 [4944:6904:0901/101948:ERROR:ssl_client_socket_impl.cc(1154)] handshake failed; returned -1, SSL error code 1, net_error -100
sep. 01, 2016 10:19:48.50 [4944:6904:0901/101948:ERROR:ssl_client_socket_impl.cc(1154)] handshake failed; returned -1, SSL error code 1, net_error -100
sep. 01, 2016 10:19:48.50 [4944:6904:0901/101948:ERROR:ssl_client_socket_impl.cc(1154)] handshake failed; returned -1, SSL error code 1, net_error -100
sep. 01, 2016 10:19:48.57 [4944:6904:0901/101948:ERROR:ssl_client_socket_impl.cc(1154)] handshake failed; returned -1, SSL error code 1, net_error -100
sep. 01, 2016 10:19:48.76 [4944:6904:0901/101948:ERROR:ssl_client_socket_impl.cc(1154)] handshake failed; returned -1, SSL error code 1, net_error -100
sep. 01, 2016 10:19:48.95 [4944:6904:0901/101948:ERROR:ssl_client_socket_impl.cc(1154)] handshake failed; returned -1, SSL error code 1, net_error -100
sep. 01, 2016 10:19:49.10 [4944:6904:0901/101949:ERROR:ssl_client_socket_impl.cc(1154)] handshake failed; returned -1, SSL error code 1, net_error -100
sep. 01, 2016 10:19:49.29 [4944:6904:0901/101949:ERROR:ssl_client_socket_impl.cc(1154)] handshake failed; returned -1, SSL error code 1, net_error -100
sep. 01, 2016 10:19:49.58 [4944:6904:0901/101949:ERROR:ssl_client_socket_impl.cc(1154)] handshake failed; returned -1, SSL error code 1, net_error -100
sep. 01, 2016 10:19:50.75 [4944:6904:0901/101950:ERROR:ssl_client_socket_impl.cc(1154)] handshake failed; returned -1, SSL error code 1, net_error -100
sep. 01, 2016 10:19:50.84 [4944:6904:0901/101950:ERROR:ssl_client_socket_impl.cc(1154)] handshake failed; returned -1, SSL error code 1, net_error -100
sep. 01, 2016 10:19:51.13 [4944:6904:0901/101951:ERROR:ssl_client_socket_impl.cc(1154)] handshake failed; returned -1, SSL error code 1, net_error -100
sep. 01, 2016 10:19:56.54 [4944:6904:0901/101956:ERROR:ssl_client_socket_impl.cc(1154)] handshake failed; returned -1, SSL error code 1, net_error -100
sep. 01, 2016 10:19:56.83 [4944:6904:0901/101956:ERROR:ssl_client_socket_impl.cc(1154)] handshake failed; returned -1, SSL error code 1, net_error -100
sep. 01, 2016 10:19:57.11 [4944:6904:0901/101957:ERROR:ssl_client_socket_impl.cc(1154)] handshake failed; returned -1, SSL error code 1, net_error -100
sep. 01, 2016 10:34:30.44 [4944:6904:0901/103430:ERROR:ssl_client_socket_impl.cc(1154)] handshake failed; returned -1, SSL error code 1, net_error -100
sep. 01, 2016 10:34:30.77 [4944:6904:0901/103430:ERROR:ssl_client_socket_impl.cc(1154)] handshake failed; returned -1, SSL error code 1, net_error -100
sep. 01, 2016 10:34:31.07 [4944:6904:0901/103431:ERROR:ssl_client_socket_impl.cc(1154)] handshake failed; returned -1, SSL error code 1, net_error -100
sep. 01, 2016 10:55:23.32 [4944:6904:0901/105523:ERROR:ssl_client_socket_impl.cc(1154)] handshake failed; returned -1, SSL error code 1, net_error -100
sep. 01, 2016 10:55:23.72 [4944:6904:0901/105523:ERROR:ssl_client_socket_impl.cc(1154)] handshake failed; returned -1, SSL error code 1, net_error -100
sep. 01, 2016 10:55:23.93 [4944:6904:0901/105523:ERROR:ssl_client_socket_impl.cc(1154)] handshake failed; returned -1, SSL error code 1, net_error -100
sep. 01, 2016 11:06:28.71 [4944:6904:0901/110628:ERROR:ssl_client_socket_impl.cc(1154)] handshake failed; returned -1, SSL error code 1, net_error -100
sep. 01, 2016 11:06:29.46 [4944:6904:0901/110629:ERROR:ssl_client_socket_impl.cc(1154)] handshake failed; returned -1, SSL error code 1, net_error -100
sep. 01, 2016 11:06:29.46 [4944:6904:0901/110629:ERROR:ssl_client_socket_impl.cc(1154)] handshake failed; returned -1, SSL error code 1, net_error -100
sep. 01, 2016 11:35:51.46 [4944:6904:0901/113551:ERROR:ssl_client_socket_impl.cc(1154)] handshake failed; returned -1, SSL error code 1, net_error -100
sep. 01, 2016 11:35:51.78 [4944:6904:0901/113551:ERROR:ssl_client_socket_impl.cc(1154)] handshake failed; returned -1, SSL error code 1, net_error -100
sep. 01, 2016 11:35:52.09 [4944:6904:0901/113552:ERROR:ssl_client_socket_impl.cc(1154)] handshake failed; returned -1, SSL error code 1, net_error -100
sep. 01, 2016 11:47:32.81 [4944:9276:0901/114732:ERROR:CONSOLE(0)] "TypeError: Cannot read property 'replace' of undefined", source:  (0)
sep. 01, 2016 11:48:20.96 [4944:9276:0901/114820:ERROR:CONSOLE(0)] "TypeError: Cannot read property 'replace' of undefined", source:  (0)
sep. 01, 2016 12:06:06.67 [4944:6904:0901/120606:ERROR:ssl_client_socket_impl.cc(1154)] handshake failed; returned -1, SSL error code 1, net_error -100
sep. 01, 2016 12:06:06.97 [4944:6904:0901/120606:ERROR:ssl_client_socket_impl.cc(1154)] handshake failed; returned -1, SSL error code 1, net_error -100
sep. 01, 2016 12:06:07.27 [4944:6904:0901/120607:ERROR:ssl_client_socket_impl.cc(1154)] handshake failed; returned -1, SSL error code 1, net_error -100
sep. 01, 2016 12:06:27.78 [4944:6904:0901/120627:ERROR:ssl_client_socket_impl.cc(1154)] handshake failed; returned -1, SSL error code 1, net_error -100
sep. 01, 2016 12:06:28.07 [4944:6904:0901/120628:ERROR:ssl_client_socket_impl.cc(1154)] handshake failed; returned -1, SSL error code 1, net_error -100
sep. 01, 2016 12:06:28.38 [4944:6904:0901/120628:ERROR:ssl_client_socket_impl.cc(1154)] handshake failed; returned -1, SSL error code 1, net_error -100
sep. 01, 2016 12:36:59.00 [4944:6904:0901/123659:ERROR:ssl_client_socket_impl.cc(1154)] handshake failed; returned -1, SSL error code 1, net_error -100
sep. 01, 2016 12:36:59.33 [4944:6904:0901/123659:ERROR:ssl_client_socket_impl.cc(1154)] handshake failed; returned -1, SSL error code 1, net_error -100
sep. 01, 2016 12:36:59.62 [4944:6904:0901/123659:ERROR:ssl_client_socket_impl.cc(1154)] handshake failed; returned -1, SSL error code 1, net_error -100
sep. 01, 2016 13:50:29.63 [4944:6904:0901/135029:ERROR:ssl_client_socket_impl.cc(1154)] handshake failed; returned -1, SSL error code 1, net_error -100
sep. 01, 2016 13:50:30.05 [4944:6904:0901/135030:ERROR:ssl_client_socket_impl.cc(1154)] handshake failed; returned -1, SSL error code 1, net_error -100
sep. 01, 2016 13:50:30.46 [4944:6904:0901/135030:ERROR:ssl_client_socket_impl.cc(1154)] handshake failed; returned -1, SSL error code 1, net_error -100
sep. 01, 2016 13:58:16.99 [4944:6904:0901/135816:ERROR:ssl_client_socket_impl.cc(1154)] handshake failed; returned -1, SSL error code 1, net_error -100
sep. 01, 2016 13:58:17.29 [4944:6904:0901/135817:ERROR:ssl_client_socket_impl.cc(1154)] handshake failed; returned -1, SSL error code 1, net_error -100
sep. 01, 2016 13:58:17.58 [4944:6904:0901/135817:ERROR:ssl_client_socket_impl.cc(1154)] handshake failed; returned -1, SSL error code 1, net_error -100
sep. 01, 2016 14:18:57.95 [4944:6904:0901/141857:ERROR:ssl_client_socket_impl.cc(1154)] handshake failed; returned -1, SSL error code 1, net_error -100
sep. 01, 2016 14:18:58.24 [4944:6904:0901/141858:ERROR:ssl_client_socket_impl.cc(1154)] handshake failed; returned -1, SSL error code 1, net_error -100
sep. 01, 2016 14:18:58.53 [4944:6904:0901/141858:ERROR:ssl_client_socket_impl.cc(1154)] handshake failed; returned -1, SSL error code 1, net_error -100
sep. 01, 2016 14:48:01.66 [4944:6904:0901/144801:ERROR:ssl_client_socket_impl.cc(1154)] handshake failed; returned -1, SSL error code 1, net_error -100
sep. 01, 2016 14:48:01.95 [4944:6904:0901/144801:ERROR:ssl_client_socket_impl.cc(1154)] handshake failed; returned -1, SSL error code 1, net_error -100
sep. 01, 2016 14:48:02.23 [4944:6904:0901/144802:ERROR:ssl_client_socket_impl.cc(1154)] handshake failed; returned -1, SSL error code 1, net_error -100
sep. 01, 2016 15:18:05.05 [4944:6904:0901/151805:ERROR:ssl_client_socket_impl.cc(1154)] handshake failed; returned -1, SSL error code 1, net_error -100
sep. 01, 2016 15:18:05.34 [4944:6904:0901/151805:ERROR:ssl_client_socket_impl.cc(1154)] handshake failed; returned -1, SSL error code 1, net_error -100
sep. 01, 2016 15:18:05.66 [4944:6904:0901/151805:ERROR:ssl_client_socket_impl.cc(1154)] handshake failed; returned -1, SSL error code 1, net_error -100
sep. 01, 2016 15:46:26.66 [4944:6904:0901/154626:ERROR:ssl_client_socket_impl.cc(1154)] handshake failed; returned -1, SSL error code 1, net_error -100
sep. 01, 2016 15:46:26.96 [4944:6904:0901/154626:ERROR:ssl_client_socket_impl.cc(1154)] handshake failed; returned -1, SSL error code 1, net_error -100
sep. 01, 2016 15:46:27.27 [4944:6904:0901/154627:ERROR:ssl_client_socket_impl.cc(1154)] handshake failed; returned -1, SSL error code 1, net_error -100
sep. 01, 2016 16:16:28.84 [4944:6904:0901/161628:ERROR:ssl_client_socket_impl.cc(1154)] handshake failed; returned -1, SSL error code 1, net_error -100
sep. 01, 2016 16:16:29.13 [4944:6904:0901/161629:ERROR:ssl_client_socket_impl.cc(1154)] handshake failed; returned -1, SSL error code 1, net_error -100
sep. 01, 2016 16:16:29.43 [4944:6904:0901/161629:ERROR:ssl_client_socket_impl.cc(1154)] handshake failed; returned -1, SSL error code 1, net_error -100
sep. 01, 2016 16:47:02.13 [4944:6904:0901/164702:ERROR:ssl_client_socket_impl.cc(1154)] handshake failed; returned -1, SSL error code 1, net_error -100
sep. 01, 2016 16:47:02.44 [4944:6904:0901/164702:ERROR:ssl_client_socket_impl.cc(1154)] handshake failed; returned -1, SSL error code 1, net_error -100
sep. 01, 2016 16:47:02.72 [4944:6904:0901/164702:ERROR:ssl_client_socket_impl.cc(1154)] handshake failed; returned -1, SSL error code 1, net_error -100
sep. 01, 2016 17:17:33.34 [4944:6904:0901/171733:ERROR:ssl_client_socket_impl.cc(1154)] handshake failed; returned -1, SSL error code 1, net_error -100
sep. 01, 2016 17:17:33.66 [4944:6904:0901/171733:ERROR:ssl_client_socket_impl.cc(1154)] handshake failed; returned -1, SSL error code 1, net_error -100
sep. 01, 2016 17:17:33.95 [4944:6904:0901/171733:ERROR:ssl_client_socket_impl.cc(1154)] handshake failed; returned -1, SSL error code 1, net_error -100
sep. 01, 2016 17:31:44.25 [4944:9276:0901/173144:ERROR:CONSOLE(0)] "Failed to execute 'postMessage' on 'DOMWindow': The target origin provided ('http://goo.gl') does not match the recipient window's origin ('https://www.google.com').", source:  (0)
sep. 01, 2016 17:31:46.71 [4944:9276:0901/173146:ERROR:CONSOLE(0)] "Unrecognized Content-Security-Policy directive 'worker-src'.
sep. 01, 2016 17:31:46.71 ", source: https://www.dropbox.com/sh/ef2x9us2q671qle/AAC72lXA6oKUL6trNNP3aBhqa?dl=0 (0)
sep. 01, 2016 17:47:29.62 [4944:6904:0901/174729:ERROR:ssl_client_socket_impl.cc(1154)] handshake failed; returned -1, SSL error code 1, net_error -100
sep. 01, 2016 17:47:29.90 [4944:6904:0901/174729:ERROR:ssl_client_socket_impl.cc(1154)] handshake failed; returned -1, SSL error code 1, net_error -100
sep. 01, 2016 17:47:30.20 [4944:6904:0901/174730:ERROR:ssl_client_socket_impl.cc(1154)] handshake failed; returned -1, SSL error code 1, net_error -100
sep. 02, 2016 09:33:53.02 [4944:6904:0902/093352:ERROR:ssl_client_socket_impl.cc(1154)] handshake failed; returned -1, SSL error code 1, net_error -100
sep. 02, 2016 09:33:59.72 [4944:6904:0902/093359:ERROR:ssl_client_socket_impl.cc(1154)] handshake failed; returned -1, SSL error code 1, net_error -100
sep. 02, 2016 09:34:02.90 [4944:6904:0902/093400:ERROR:ssl_client_socket_impl.cc(1154)] handshake failed; returned -1, SSL error code 1, net_error -100
sep. 02, 2016 09:34:10.77 [4944:6904:0902/093400:ERROR:ssl_client_socket_impl.cc(1154)] handshake failed; returned -1, SSL error code 1, net_error -100
sep. 02, 2016 09:34:10.77 [4944:6904:0902/093400:ERROR:ssl_client_socket_impl.cc(1154)] handshake failed; returned -1, SSL error code 1, net_error -100
sep. 02, 2016 09:34:10.77 [4944:6904:0902/093402:ERROR:ssl_client_socket_impl.cc(1154)] handshake failed; returned -1, SSL error code 1, net_error -100
sep. 02, 2016 09:34:10.77 [4944:6904:0902/093402:ERROR:ssl_client_socket_impl.cc(1154)] handshake failed; returned -1, SSL error code 1, net_error -100
sep. 02, 2016 09:34:10.77 [4944:6904:0902/093402:ERROR:ssl_client_socket_impl.cc(1154)] handshake failed; returned -1, SSL error code 1, net_error -100
sep. 02, 2016 09:34:10.80 [4944:6904:0902/093402:ERROR:ssl_client_socket_impl.cc(1154)] handshake failed; returned -1, SSL error code 1, net_error -100
sep. 02, 2016 09:34:10.91 [4944:6904:0902/093403:ERROR:ssl_client_socket_impl.cc(1154)] handshake failed; returned -1, SSL error code 1, net_error -100
sep. 02, 2016 09:34:16.84 [4944:6904:0902/093403:ERROR:ssl_client_socket_impl.cc(1154)] handshake failed; returned -1, SSL error code 1, net_error -100
sep. 02, 2016 09:34:18.76 [4944:6904:0902/093403:ERROR:ssl_client_socket_impl.cc(1154)] handshake failed; returned -1, SSL error code 1, net_error -100
sep. 02, 2016 09:34:20.97 [4944:6904:0902/093410:ERROR:ssl_client_socket_impl.cc(1154)] handshake failed; returned -1, SSL error code 1, net_error -100
sep. 02, 2016 09:34:22.21 [4944:6904:0902/093421:ERROR:ssl_client_socket_impl.cc(1154)] handshake failed; returned -1, SSL error code 1, net_error -100
sep. 02, 2016 09:34:41.67 [4944:6904:0902/093441:ERROR:ssl_client_socket_impl.cc(1154)] handshake failed; returned -1, SSL error code 1, net_error -100
sep. 02, 2016 09:34:58.92 [4944:6904:0902/093458:ERROR:ssl_client_socket_impl.cc(1154)] handshake failed; returned -1, SSL error code 1, net_error -100
sep. 02, 2016 09:34:59.22 [4944:6904:0902/093459:ERROR:ssl_client_socket_impl.cc(1154)] handshake failed; returned -1, SSL error code 1, net_error -100
sep. 02, 2016 09:34:59.50 [4944:6904:0902/093459:ERROR:ssl_client_socket_impl.cc(1154)] handshake failed; returned -1, SSL error code 1, net_error -100
sep. 02, 2016 09:34:59.92 [4944:6904:0902/093459:ERROR:ssl_client_socket_impl.cc(1154)] handshake failed; returned -1, SSL error code 1, net_error -100
sep. 02, 2016 09:35:17.11 [4944:6904:0902/093517:ERROR:ssl_client_socket_impl.cc(1154)] handshake failed; returned -1, SSL error code 1, net_error -100
sep. 02, 2016 09:36:20.64 [4944:6904:0902/093620:ERROR:ssl_client_socket_impl.cc(1154)] handshake failed; returned -1, SSL error code 1, net_error -100
sep. 02, 2016 10:25:05.75 [4944:6904:0902/102505:ERROR:ssl_client_socket_impl.cc(1154)] handshake failed; returned -1, SSL error code 1, net_error -100
sep. 02, 2016 10:25:06.05 [4944:6904:0902/102506:ERROR:ssl_client_socket_impl.cc(1154)] handshake failed; returned -1, SSL error code 1, net_error -100
sep. 02, 2016 10:25:06.33 [4944:6904:0902/102506:ERROR:ssl_client_socket_impl.cc(1154)] handshake failed; returned -1, SSL error code 1, net_error -100
sep. 02, 2016 10:56:58.83 [4944:6904:0902/105658:ERROR:ssl_client_socket_impl.cc(1154)] handshake failed; returned -1, SSL error code 1, net_error -100
sep. 02, 2016 10:56:59.15 [4944:6904:0902/105659:ERROR:ssl_client_socket_impl.cc(1154)] handshake failed; returned -1, SSL error code 1, net_error -100
sep. 02, 2016 10:56:59.48 [4944:6904:0902/105659:ERROR:ssl_client_socket_impl.cc(1154)] handshake failed; returned -1, SSL error code 1, net_error -100
sep. 02, 2016 11:26:30.79 [4944:6904:0902/112630:ERROR:ssl_client_socket_impl.cc(1154)] handshake failed; returned -1, SSL error code 1, net_error -100
sep. 02, 2016 11:26:31.09 [4944:6904:0902/112631:ERROR:ssl_client_socket_impl.cc(1154)] handshake failed; returned -1, SSL error code 1, net_error -100
sep. 02, 2016 11:26:31.40 [4944:6904:0902/112631:ERROR:ssl_client_socket_impl.cc(1154)] handshake failed; returned -1, SSL error code 1, net_error -100
sep. 02, 2016 11:56:46.64 [4944:6904:0902/115646:ERROR:ssl_client_socket_impl.cc(1154)] handshake failed; returned -1, SSL error code 1, net_error -100
sep. 02, 2016 11:56:46.92 [4944:6904:0902/115646:ERROR:ssl_client_socket_impl.cc(1154)] handshake failed; returned -1, SSL error code 1, net_error -100
sep. 02, 2016 11:56:47.24 [4944:6904:0902/115647:ERROR:ssl_client_socket_impl.cc(1154)] handshake failed; returned -1, SSL error code 1, net_error -100
sep. 02, 2016 12:25:29.37 [4944:6904:0902/122529:ERROR:ssl_client_socket_impl.cc(1154)] handshake failed; returned -1, SSL error code 1, net_error -100
sep. 02, 2016 12:25:29.67 [4944:6904:0902/122529:ERROR:ssl_client_socket_impl.cc(1154)] handshake failed; returned -1, SSL error code 1, net_error -100
sep. 02, 2016 12:25:29.98 [4944:6904:0902/122529:ERROR:ssl_client_socket_impl.cc(1154)] handshake failed; returned -1, SSL error code 1, net_error -100
sep. 02, 2016 12:55:54.05 [4944:6904:0902/125553:ERROR:ssl_client_socket_impl.cc(1154)] handshake failed; returned -1, SSL error code 1, net_error -100
sep. 02, 2016 12:55:54.30 [4944:6904:0902/125554:ERROR:ssl_client_socket_impl.cc(1154)] handshake failed; returned -1, SSL error code 1, net_error -100
sep. 02, 2016 12:55:54.60 [4944:6904:0902/125554:ERROR:ssl_client_socket_impl.cc(1154)] handshake failed; returned -1, SSL error code 1, net_error -100
sep. 02, 2016 12:56:27.23 [4944:6904:0902/125627:ERROR:ssl_client_socket_impl.cc(1154)] handshake failed; returned -1, SSL error code 1, net_error -100
sep. 02, 2016 12:56:27.62 [4944:6904:0902/125627:ERROR:ssl_client_socket_impl.cc(1154)] handshake failed; returned -1, SSL error code 1, net_error -100
sep. 02, 2016 12:56:27.92 [4944:6904:0902/125627:ERROR:ssl_client_socket_impl.cc(1154)] handshake failed; returned -1, SSL error code 1, net_error -100
sep. 02, 2016 13:25:41.04 [4944:6904:0902/132541:ERROR:ssl_client_socket_impl.cc(1154)] handshake failed; returned -1, SSL error code 1, net_error -100
sep. 02, 2016 13:25:41.32 [4944:6904:0902/132541:ERROR:ssl_client_socket_impl.cc(1154)] handshake failed; returned -1, SSL error code 1, net_error -100
sep. 02, 2016 13:25:41.61 [4944:6904:0902/132541:ERROR:ssl_client_socket_impl.cc(1154)] handshake failed; returned -1, SSL error code 1, net_error -100
sep. 02, 2016 13:54:00.12 [4944:6904:0902/135400:ERROR:ssl_client_socket_impl.cc(1154)] handshake failed; returned -1, SSL error code 1, net_error -100
sep. 02, 2016 13:54:00.44 [4944:6904:0902/135400:ERROR:ssl_client_socket_impl.cc(1154)] handshake failed; returned -1, SSL error code 1, net_error -100
sep. 02, 2016 13:54:00.75 [4944:6904:0902/135400:ERROR:ssl_client_socket_impl.cc(1154)] handshake failed; returned -1, SSL error code 1, net_error -100
